<?xml version="1.0" encoding="UTF-8" ?>
<testsuite errors="1" failures="0" hostname="lpxz-ThinkPad-W530" name="org.apache.derbyTesting.functionTests.tests.jdbcapi.JDBCDriversClientTest" tests="1" time="0.0" timestamp="2013-10-22T15:13:38">
  <properties>
[...]
</properties>
  <error message="org.apache.derbyTesting.functionTests.tests.jdbcapi.JDBCDriversClientTest" type="java.lang.ClassNotFoundException">java.lang.ClassNotFoundException: org.apache.derbyTesting.functionTests.tests.jdbcapi.JDBCDriversClientTest
	at java.net.URLClassLoader$1.run(URLClassLoader.java:366)
	at java.net.URLClassLoader$1.run(URLClassLoader.java:355)
	at java.security.AccessController.doPrivileged(Native Method)
	at java.net.URLClassLoader.findClass(URLClassLoader.java:354)
	at java.lang.ClassLoader.loadClass(ClassLoader.java:423)
	at sun.misc.Launcher$AppClassLoader.loadClass(Launcher.java:308)
	at java.lang.ClassLoader.loadClass(ClassLoader.java:356)
	at java.lang.Class.forName0(Native Method)
	at java.lang.Class.forName(Class.java:188)
</error>
  <system-out><![CDATA[]]></system-out>
  <system-err><![CDATA[]]></system-err>
</testsuite>
